<?xml version="1.0" encoding="UTF-8"?>
<testsuite xmlns:xsi="http://www.w3.org/2001/XMLSchema-instance" xsi:noNamespaceSchemaLocation="https://maven.apache.org/surefire/maven-surefire-plugin/xsd/surefire-test-report-3.0.xsd" version="3.0" name="AutocaravanaTest" time="0.04" tests="24" errors="0" skipped="0" failures="0">
  <properties>
[...]
</properties>
  <testcase name="testBuscarAutocaravana" classname="AutocaravanaTest" time="0.001"/>
  <testcase name="crearAutocaravanaConMatriculaIncorrectaLanzaExcepcion" classname="AutocaravanaTest" time="0.002"/>
  <testcase name="crearAutocaravanaConPlazasNegativasLanzaExcepcion" classname="AutocaravanaTest" time="0.001"/>
  <testcase name="testConstructorCampo" classname="AutocaravanaTest" time="0.001"/>
  <testcase name="crearAutocaravanaConMatriculaYaExistenteLanzaExcepcion" classname="AutocaravanaTest" time="0.001"/>
  <testcase name="testModificarKilometrajeCero" classname="AutocaravanaTest" time="0.001"/>
  <testcase name="testModificarKilometrajeMenos" classname="AutocaravanaTest" time="0.001"/>
  <testcase name="testGetKilometraje" classname="AutocaravanaTest" time="0.001"/>
  <testcase name="testModificarPrecio" classname="AutocaravanaTest" time="0"/>
  <testcase name="testModificarKilometraje" classname="AutocaravanaTest" time="0.001"/>
  <testcase name="testGetPrecioPorDia" classname="AutocaravanaTest" time="0.001"/>
  <testcase name="testModificarPrecioCero" classname="AutocaravanaTest" time="0.002"/>
  <testcase name="testModificarKilometrajeNegativo" classname="AutocaravanaTest" time="0.002"/>
  <testcase name="crearAutocaravanaConPrecioNegativoLanzaExcepcion" classname="AutocaravanaTest" time="0.002"/>
  <testcase name="testGetListaAutocaravanas" classname="AutocaravanaTest" time="0.001"/>
  <testcase name="testModificarPrecioNegativo" classname="AutocaravanaTest" time="0.002"/>
  <testcase name="testGetEstado" classname="AutocaravanaTest" time="0.001"/>
  <testcase name="testGetModelo" classname="AutocaravanaTest" time="0.001"/>
  <testcase name="testGetIdA" classname="AutocaravanaTest" time="0.001"/>
  <testcase name="testGetPlazas" classname="AutocaravanaTest" time="0.001"/>
  <testcase name="testAnadirQuitarCaravanaReservada" classname="AutocaravanaTest" time="0.001"/>
  <testcase name="crearAutocaravanaConKilometrajeNegativoLanzaExcepcion" classname="AutocaravanaTest" time="0.001"/>
  <testcase name="testConstructor" classname="AutocaravanaTest" time="0.001"/>
  <testcase name="testGetMatricula" classname="AutocaravanaTest" time="0.001"/>
</testsuite>