<?xml version="1.0" encoding="UTF-8"?>
<testsuite xmlns:xsi="http://www.w3.org/2001/XMLSchema-instance" xsi:noNamespaceSchemaLocation="https://maven.apache.org/surefire/maven-surefire-plugin/xsd/surefire-test-report-3.0.xsd" version="3.0" name="ClienteTest" time="0.135" tests="27" errors="0" skipped="0" failures="0">
  <properties>
[...]
</properties>
  <testcase name="testGetListaCliente" classname="ClienteTest" time="0.045"/>
  <testcase name="testGetApellido" classname="ClienteTest" time="0.004"/>
  <testcase name="testApellidoVacio" classname="ClienteTest" time="0.002"/>
  <testcase name="testDniExistente" classname="ClienteTest" time="0.002"/>
  <testcase name="testGetEmail" classname="ClienteTest" time="0.001"/>
  <testcase name="testBuscarCliente" classname="ClienteTest" time="0.002"/>
  <testcase name="testTelefonoIncorrecto" classname="ClienteTest" time="0.001"/>
  <testcase name="testGetId" classname="ClienteTest" time="0.001"/>
  <testcase name="testGetReservasRealizas" classname="ClienteTest" time="0.014"/>
  <testcase name="testgetNumeroClientes" classname="ClienteTest" time="0.001"/>
  <testcase name="testEliminarCliente" classname="ClienteTest" time="0.003"/>
  <testcase name="testNombreVacio" classname="ClienteTest" time="0.001"/>
  <testcase name="testGetEdad" classname="ClienteTest" time="0.001"/>
  <testcase name="testFechaIncorrecta" classname="ClienteTest" time="0.001"/>
  <testcase name="testGetNumeroMultas" classname="ClienteTest" time="0.001"/>
  <testcase name="testGetTelefono" classname="ClienteTest" time="0.001"/>
  <testcase name="testBuscarCliente2" classname="ClienteTest" time="0.001"/>
  <testcase name="testEmailVacio" classname="ClienteTest" time="0.001"/>
  <testcase name="testDniVacio" classname="ClienteTest" time="0.001"/>
  <testcase name="testEmailSincaracteres" classname="ClienteTest" time="0.001"/>
  <testcase name="testGetNombre" classname="ClienteTest" time="0.001"/>
  <testcase name="testGetDni" classname="ClienteTest" time="0.001"/>
  <testcase name="testTelefonoVacio" classname="ClienteTest" time="0.001"/>
  <testcase name="testConstructorCliente" classname="ClienteTest" time="0.001"/>
  <testcase name="testTelefonoExistente" classname="ClienteTest" time="0.001"/>
  <testcase name="testModificarCliente" classname="ClienteTest" time="0.001"/>
  <testcase name="testClienteCadena" classname="ClienteTest" time="0.001"/>
</testsuite>